--------------------------------------------------------------------------
A system call failed during shared memory initialization that should
not have.  It is likely that your MPI job will now either abort or
experience performance degradation.

  Local host:  Angzes-MacBook-Pro.local
  System call: unlink(2) /var/folders/n1/bmzcbfxs2fgc29_x3l4x_s_m0000gn/T//ompi.Angzes-MacBook-Pro.501/pid.12475/1/vader_segment.Angzes-MacBook-Pro.501.585f0001.4
  Error:       No such file or directory (errno 2)
--------------------------------------------------------------------------
--------------------------------------------------------------------------
A system call failed during shared memory initialization that should
not have.  It is likely that your MPI job will now either abort or
experience performance degradation.

  Local host:  Angzes-MacBook-Pro.local
  System call: unlink(2) /var/folders/n1/bmzcbfxs2fgc29_x3l4x_s_m0000gn/T//ompi.Angzes-MacBook-Pro.501/pid.12532/1/vader_segment.Angzes-MacBook-Pro.501.58100001.6
  Error:       No such file or directory (errno 2)
--------------------------------------------------------------------------
--------------------------------------------------------------------------
A system call failed during shared memory initialization that should
not have.  It is likely that your MPI job will now either abort or
experience performance degradation.

  Local host:  Angzes-MacBook-Pro.local
  System call: unlink(2) /var/folders/n1/bmzcbfxs2fgc29_x3l4x_s_m0000gn/T//ompi.Angzes-MacBook-Pro.501/pid.12558/1/vader_segment.Angzes-MacBook-Pro.501.59ea0001.7
  Error:       No such file or directory (errno 2)
--------------------------------------------------------------------------
[Angzes-MacBook-Pro.local:12558] 1 more process has sent help message help-opal-shmem-mmap.txt / sys call fail
[Angzes-MacBook-Pro.local:12558] Set MCA parameter "orte_base_help_aggregate" to 0 to see all help / error messages
--------------------------------------------------------------------------
A system call failed during shared memory initialization that should
not have.  It is likely that your MPI job will now either abort or
experience performance degradation.

  Local host:  Angzes-MacBook-Pro.local
  System call: unlink(2) /var/folders/n1/bmzcbfxs2fgc29_x3l4x_s_m0000gn/T//ompi.Angzes-MacBook-Pro.501/pid.15069/1/vader_segment.Angzes-MacBook-Pro.501.52390001.1
  Error:       No such file or directory (errno 2)
--------------------------------------------------------------------------
