--------------------------------------------------------------------------
A system call failed during shared memory initialization that should
not have.  It is likely that your MPI job will now either abort or
experience performance degradation.

  Local host:  Angzes-MacBook-Pro.local
  System call: unlink(2) /var/folders/n1/bmzcbfxs2fgc29_x3l4x_s_m0000gn/T//ompi.Angzes-MacBook-Pro.501/pid.10612/1/vader_segment.Angzes-MacBook-Pro.501.41900001.4
  Error:       No such file or directory (errno 2)
--------------------------------------------------------------------------
[Angzes-MacBook-Pro.local:10612] 2 more processes have sent help message help-opal-shmem-mmap.txt / sys call fail
[Angzes-MacBook-Pro.local:10612] Set MCA parameter "orte_base_help_aggregate" to 0 to see all help / error messages
--------------------------------------------------------------------------
A system call failed during shared memory initialization that should
not have.  It is likely that your MPI job will now either abort or
experience performance degradation.

  Local host:  Angzes-MacBook-Pro.local
  System call: unlink(2) /var/folders/n1/bmzcbfxs2fgc29_x3l4x_s_m0000gn/T//ompi.Angzes-MacBook-Pro.501/pid.10690/1/vader_segment.Angzes-MacBook-Pro.501.41260001.5
  Error:       No such file or directory (errno 2)
--------------------------------------------------------------------------
[Angzes-MacBook-Pro.local:10690] 1 more process has sent help message help-opal-shmem-mmap.txt / sys call fail
[Angzes-MacBook-Pro.local:10690] Set MCA parameter "orte_base_help_aggregate" to 0 to see all help / error messages
--------------------------------------------------------------------------
A system call failed during shared memory initialization that should
not have.  It is likely that your MPI job will now either abort or
experience performance degradation.

  Local host:  Angzes-MacBook-Pro.local
  System call: unlink(2) /var/folders/n1/bmzcbfxs2fgc29_x3l4x_s_m0000gn/T//ompi.Angzes-MacBook-Pro.501/pid.10716/1/vader_segment.Angzes-MacBook-Pro.501.41380001.4
  Error:       No such file or directory (errno 2)
--------------------------------------------------------------------------
[Angzes-MacBook-Pro.local:10716] 1 more process has sent help message help-opal-shmem-mmap.txt / sys call fail
[Angzes-MacBook-Pro.local:10716] Set MCA parameter "orte_base_help_aggregate" to 0 to see all help / error messages
