--------------------------------------------------------------------------
A system call failed during shared memory initialization that should
not have.  It is likely that your MPI job will now either abort or
experience performance degradation.

  Local host:  Angzes-MacBook-Pro.local
  System call: unlink(2) /var/folders/n1/bmzcbfxs2fgc29_x3l4x_s_m0000gn/T//ompi.Angzes-MacBook-Pro.501/pid.6448/1/vader_segment.Angzes-MacBook-Pro.501.71d40001.6
  Error:       No such file or directory (errno 2)
--------------------------------------------------------------------------
--------------------------------------------------------------------------
A system call failed during shared memory initialization that should
not have.  It is likely that your MPI job will now either abort or
experience performance degradation.

  Local host:  Angzes-MacBook-Pro.local
  System call: unlink(2) /var/folders/n1/bmzcbfxs2fgc29_x3l4x_s_m0000gn/T//ompi.Angzes-MacBook-Pro.501/pid.6503/1/vader_segment.Angzes-MacBook-Pro.501.71830001.7
  Error:       No such file or directory (errno 2)
--------------------------------------------------------------------------
[Angzes-MacBook-Pro.local:06503] 2 more processes have sent help message help-opal-shmem-mmap.txt / sys call fail
[Angzes-MacBook-Pro.local:06503] Set MCA parameter "orte_base_help_aggregate" to 0 to see all help / error messages
--------------------------------------------------------------------------
A system call failed during shared memory initialization that should
not have.  It is likely that your MPI job will now either abort or
experience performance degradation.

  Local host:  Angzes-MacBook-Pro.local
  System call: unlink(2) /var/folders/n1/bmzcbfxs2fgc29_x3l4x_s_m0000gn/T//ompi.Angzes-MacBook-Pro.501/pid.6512/1/vader_segment.Angzes-MacBook-Pro.501.71940001.2
  Error:       No such file or directory (errno 2)
--------------------------------------------------------------------------
--------------------------------------------------------------------------
A system call failed during shared memory initialization that should
not have.  It is likely that your MPI job will now either abort or
experience performance degradation.

  Local host:  Angzes-MacBook-Pro.local
  System call: unlink(2) /var/folders/n1/bmzcbfxs2fgc29_x3l4x_s_m0000gn/T//ompi.Angzes-MacBook-Pro.501/pid.6751/1/vader_segment.Angzes-MacBook-Pro.501.72bb0001.7
  Error:       No such file or directory (errno 2)
--------------------------------------------------------------------------
