 Multiwfn -- A Multifunctional Wavefunction Analyzer
 Version 3.8, update date: 2026-Jan-7
 Developer: Tian Lu (Beijing Kein Research Center for Natural Sciences)
 Multiwfn official website: http://sobereva.com/multiwfn
 Multiwfn English forum: http://sobereva.com/wfnbbs
 Multiwfn Chinese forum: http://bbs.keinsci.com/wfn
 ( Number of parallel threads:   4  Current date: 2026-07-14  Time: 14:38:07 )

 Both following papers ***MUST BE CITED IN MAIN TEXT*** if Multiwfn is used:
  Tian Lu, Feiwu Chen, J. Comput. Chem., 33, 580 (2012) DOI: 10.1002/jcc.22885
  Tian Lu, J. Chem. Phys., 161, 082503 (2024) DOI: 10.1063/5.0216272
 See "How to cite Multiwfn.pdf" in Multiwfn binary package for more information

 Please wait...
 Loading various information of the wavefunction
 This file is recognized to be generated by ORCA because there is "orca" word in title line. Special treatments are applied...
 Loading basis set definition...
 All D basis functions are spherical harmonic type
 All F basis functions are spherical harmonic type
 Loading orbitals...
 The actual number of orbitals read:       990
 Converting basis function information to GTF information...
 Back converting basis function information from Cartesian to spherical type...
 Generating density matrix...
 Generating overlap matrix...

 Total/Alpha/Beta electrons:    200.0000    100.0000    100.0000
 Net charge:     0.00000      Expected multiplicity:    1
 Atoms:     40,  Basis functions:    990,  GTFs:   1610
 This is a restricted single-determinant wavefunction
 Orbitals from 1 to   100 are occupied

 Loaded /Users/liangze/Desktop/Tsinghua 2026 Summer/pdi_h2o2_production/pdi-theory-demo/calculations/pdi/multiwfn_analysis/pdi_sp.molden.input successfully!

 Formula: H10 C24 N2 O4      Total atoms:      40
 Molecule weight:       390.34810 Da
 Point group: C2 

 "q": Exit program gracefully          "r": Load a new file
                    ************ Main function menu ************
 0 Show molecular structure and view orbitals
 1 Output all properties at a point       2 Topology analysis
 3 Output and plot specific property in a line
 4 Output and plot specific property in a plane
 5 Output and plot specific property within a spatial region (calc. grid data)
 6 Check & modify wavefunction
 7 Population analysis and calculation of atomic charges
 8 Orbital composition analysis           9 Bond order analysis
 10 Plot total DOS, PDOS, OPDOS, local DOS, COHP and photoelectron spectrum
 11 Plot IR/Raman/UV-Vis/ECD/VCD/ROA/NMR spectrum
 12 Quantitative analysis of molecular surface
 13 Process grid data (No grid data is presented currently)
 14 Adaptive natural density partitioning (AdNDP) analysis
 15 Fuzzy atomic space analysis
 16 Charge decomposition analysis (CDA) and plot orbital interaction diagram
 17 Basin analysis                       18 Electron excitation analysis
 19 Orbital localization analysis        20 Visual study of weak interaction
 21 Energy decomposition analysis        22 Conceptual DFT (CDFT) analysis
 23 ETS-NOCV analysis                    24 (Hyper)polarizability analysis
 25 Electron delocalization and aromaticity analyses
 26 Structure and geometry related analyses
 100 Other functions (Part 1)            200 Other functions (Part 2)
 300 Other functions (Part 3)
 NOTE: There is a review comprehensively introducing various atomic charges:
 Tian Lu, Qinxue Chen, Partial Charges, In Exploring Chemical Concepts Through Theory and Computation. WILEY-VCH GmbH: Weinheim (2024); pp. 161-187. DOI: 10.1002/9783527843435.ch6

      ============== Population analysis and atomic charges ==============
 -2 Calculate interaction energy between fragments based on atomic charges
 -1 Define fragment
 0 Return
 1 Hirshfeld atomic charge
 2 Voronoi deformation density (VDD) atom population
 5 Mulliken atom & basis function population analysis
 6 Lowdin atom & basis function population analysis
 7 Modified Mulliken atom population defined by Ros & Schuit (SCPA)
 8 Modified Mulliken atom population defined by Stout & Politzer
 9 Modified Mulliken atom population defined by Bickelhaupt
 10 Becke atomic charge with atomic dipole moment correction
 11 Atomic dipole corrected Hirshfeld atomic charge (ADCH) (recommended)
 12 CHELPG ESP fitting atomic charge
 13 Merz-Kollmann (MK) ESP fitting atomic charge
 14 AIM atomic charge
 15 Hirshfeld-I atomic charge
 16 CM5 atomic charge    -16 Generate 1.2*CM5 atomic charge
 17 Electronegativity Equalization Method (EEM) atomic charge
 18 Restrained ElectroStatic Potential (RESP) atomic charge
 19 Gasteiger (PEOE) charge
 20 Minimal Basis Iterative Stockholder (MBIS) charge
 Citation of Hirshfeld method: Theor. Chim. Acta. (Berl), 44, 129-138 (1977)
 This task requests atomic densities, please select how to obtain them
 1 Use build-in sphericalized atomic densities in free-states (more convenient)
 2 Provide wavefunction file of involved elements by yourself or invoke Gaussian to automatically calculate them
 Radial grids:   75    Angular grids:  434   Total:     32550
 Calculating, please wait...

 Hirshfeld charge of atom     1(C ) is  0.01445849
 Hirshfeld charge of atom     2(C ) is  0.01445514
 Hirshfeld charge of atom     3(C ) is  0.00214172
 Hirshfeld charge of atom     4(C ) is  0.01445962
 Hirshfeld charge of atom     5(C ) is  0.01445652
 Hirshfeld charge of atom     6(C ) is  0.00214219
 Hirshfeld charge of atom     7(C ) is -0.02850495
 Hirshfeld charge of atom     8(C ) is -0.00755775
 Hirshfeld charge of atom     9(C ) is -0.02037462
 Hirshfeld charge of atom    10(C ) is  0.00570881
 Hirshfeld charge of atom    11(C ) is -0.02037413
 Hirshfeld charge of atom    12(C ) is -0.00755784
 Hirshfeld charge of atom    13(C ) is -0.02850638
 Hirshfeld charge of atom    14(C ) is -0.02850576
 Hirshfeld charge of atom    15(C ) is -0.00755902
 Hirshfeld charge of atom    16(C ) is -0.02037395
 Hirshfeld charge of atom    17(C ) is  0.00570854
 Hirshfeld charge of atom    18(C ) is -0.02037251
 Hirshfeld charge of atom    19(C ) is -0.00755621
 Hirshfeld charge of atom    20(C ) is -0.02850608
 Hirshfeld charge of atom    21(C ) is  0.17909895
 Hirshfeld charge of atom    22(N ) is -0.07031479
 Hirshfeld charge of atom    23(C ) is  0.17909895
 Hirshfeld charge of atom    24(C ) is  0.17909868
 Hirshfeld charge of atom    25(N ) is -0.07031430
 Hirshfeld charge of atom    26(C ) is  0.17909630
 Hirshfeld charge of atom    27(O ) is -0.28295947
 Hirshfeld charge of atom    28(O ) is -0.28296241
 Hirshfeld charge of atom    29(O ) is -0.28295782
 Hirshfeld charge of atom    30(O ) is -0.28295789
 Hirshfeld charge of atom    31(H ) is  0.14506131
 Hirshfeld charge of atom    32(H ) is  0.14506185
 Hirshfeld charge of atom    33(H ) is  0.04789074
 Hirshfeld charge of atom    34(H ) is  0.05654217
 Hirshfeld charge of atom    35(H ) is  0.05654635
 Hirshfeld charge of atom    36(H ) is  0.04789052
 Hirshfeld charge of atom    37(H ) is  0.04789105
 Hirshfeld charge of atom    38(H ) is  0.05654278
 Hirshfeld charge of atom    39(H ) is  0.05654075
 Hirshfeld charge of atom    40(H ) is  0.04789074
 Summing up all charges:    -0.00043372

 Total dipole moment from atomic charges:    0.000074 a.u.
 X/Y/Z of dipole moment vector:   -0.000065   -0.000034    0.000006 a.u.

 Normalize sum of atomic populations to actual number of electrons...

 Final atomic charges:
 Atom    1(C ):     0.01447147
 Atom    2(C ):     0.01446812
 Atom    3(C ):     0.00215473
 Atom    4(C ):     0.01447260
 Atom    5(C ):     0.01446950
 Atom    6(C ):     0.00215519
 Atom    7(C ):    -0.02849187
 Atom    8(C ):    -0.00754473
 Atom    9(C ):    -0.02036157
 Atom   10(C ):     0.00572181
 Atom   11(C ):    -0.02036108
 Atom   12(C ):    -0.00754481
 Atom   13(C ):    -0.02849331
 Atom   14(C ):    -0.02849269
 Atom   15(C ):    -0.00754599
 Atom   16(C ):    -0.02036089
 Atom   17(C ):     0.00572153
 Atom   18(C ):    -0.02035945
 Atom   19(C ):    -0.00754318
 Atom   20(C ):    -0.02849300
 Atom   21(C ):     0.17911157
 Atom   22(N ):    -0.07029946
 Atom   23(C ):     0.17911158
 Atom   24(C ):     0.17911130
 Atom   25(N ):    -0.07029896
 Atom   26(C ):     0.17910892
 Atom   27(O ):    -0.28294151
 Atom   28(O ):    -0.28294445
 Atom   29(O ):    -0.28293986
 Atom   30(O ):    -0.28293992
 Atom   31(H ):     0.14506316
 Atom   32(H ):     0.14506371
 Atom   33(H ):     0.04789280
 Atom   34(H ):     0.05654422
 Atom   35(H ):     0.05654840
 Atom   36(H ):     0.04789258
 Atom   37(H ):     0.04789311
 Atom   38(H ):     0.05654483
 Atom   39(H ):     0.05654280
 Atom   40(H ):     0.04789280

 Calculation took up      16 seconds wall clock time

 If outputting atom coordinates with charges to pdi_sp.chg in current folder? (y/n)
 Result have been saved to pdi_sp.chg in current folder
 Columns 1 to 5 are name,X,Y,Z,charge respectively, coordinates are in Angstrom

      ============== Population analysis and atomic charges ==============
 -2 Calculate interaction energy between fragments based on atomic charges
 -1 Define fragment
 0 Return
 1 Hirshfeld atomic charge
 2 Voronoi deformation density (VDD) atom population
 5 Mulliken atom & basis function population analysis
 6 Lowdin atom & basis function population analysis
 7 Modified Mulliken atom population defined by Ros & Schuit (SCPA)
 8 Modified Mulliken atom population defined by Stout & Politzer
 9 Modified Mulliken atom population defined by Bickelhaupt
 10 Becke atomic charge with atomic dipole moment correction
 11 Atomic dipole corrected Hirshfeld atomic charge (ADCH) (recommended)
 12 CHELPG ESP fitting atomic charge
 13 Merz-Kollmann (MK) ESP fitting atomic charge
 14 AIM atomic charge
 15 Hirshfeld-I atomic charge
 16 CM5 atomic charge    -16 Generate 1.2*CM5 atomic charge
 17 Electronegativity Equalization Method (EEM) atomic charge
 18 Restrained ElectroStatic Potential (RESP) atomic charge
 19 Gasteiger (PEOE) charge
 20 Minimal Basis Iterative Stockholder (MBIS) charge
At line 65 of file /private/tmp/multiwfn-20260707-29094-2nxksc/population.f90 (unit = 5, file = 'stdin')
Fortran runtime error: Bad integer for item 1 in list input

Error termination. Backtrace:
#0  0x12fa0b323
#1  0x12fa0bef7
#2  0x12fa0c7cb
#3  0x12fb233d3
#4  0x12fb255e3
#5  0x12fb260e7
#6  0x102f2864b
#7  0x1027e0f2f
#8  0x103039edf
