 Multiwfn -- A Multifunctional Wavefunction Analyzer
 Version 3.8, update date: 2026-Jan-7
 Developer: Tian Lu (Beijing Kein Research Center for Natural Sciences)
 Multiwfn official website: http://sobereva.com/multiwfn
 Multiwfn English forum: http://sobereva.com/wfnbbs
 Multiwfn Chinese forum: http://bbs.keinsci.com/wfn
 ( Number of parallel threads:   4  Current date: 2026-07-14  Time: 14:36:03 )

 Both following papers ***MUST BE CITED IN MAIN TEXT*** if Multiwfn is used:
  Tian Lu, Feiwu Chen, J. Comput. Chem., 33, 580 (2012) DOI: 10.1002/jcc.22885
  Tian Lu, J. Chem. Phys., 161, 082503 (2024) DOI: 10.1063/5.0216272
 See "How to cite Multiwfn.pdf" in Multiwfn binary package for more information

 Please wait...
 Loading various information of the wavefunction
 This file is recognized to be generated by ORCA because there is "orca" word in title line. Special treatments are applied...
 Loading basis set definition...
 All D basis functions are spherical harmonic type
 All F basis functions are spherical harmonic type
 Loading orbitals...
 The actual number of orbitals read:      1420
 Converting basis function information to GTF information...
 Back converting basis function information from Cartesian to spherical type...
 Generating density matrix...
 Generating overlap matrix...

 Total/Alpha/Beta electrons:    280.0000    140.0000    140.0000
 Net charge:     0.00000      Expected multiplicity:    1
 Atoms:     70,  Basis functions:   1420,  GTFs:   2280
 This is a restricted single-determinant wavefunction
 Orbitals from 1 to   140 are occupied

 Loaded /Users/liangze/Desktop/Tsinghua 2026 Summer/pdi_h2o2_production/pdi-theory-demo/calculations/pdi_terminal_functionalized/multiwfn_analysis/pdi_terminal_functionalized_sp.molden.input successfully!

 Formula: H30 C34 N2 O4      Total atoms:      70
 Molecule weight:       530.61427 Da
 Point group: C1 

 "q": Exit program gracefully          "r": Load a new file
                    ************ Main function menu ************
 0 Show molecular structure and view orbitals
 1 Output all properties at a point       2 Topology analysis
 3 Output and plot specific property in a line
 4 Output and plot specific property in a plane
 5 Output and plot specific property within a spatial region (calc. grid data)
 6 Check & modify wavefunction
 7 Population analysis and calculation of atomic charges
 8 Orbital composition analysis           9 Bond order analysis
 10 Plot total DOS, PDOS, OPDOS, local DOS, COHP and photoelectron spectrum
 11 Plot IR/Raman/UV-Vis/ECD/VCD/ROA/NMR spectrum
 12 Quantitative analysis of molecular surface
 13 Process grid data (No grid data is presented currently)
 14 Adaptive natural density partitioning (AdNDP) analysis
 15 Fuzzy atomic space analysis
 16 Charge decomposition analysis (CDA) and plot orbital interaction diagram
 17 Basin analysis                       18 Electron excitation analysis
 19 Orbital localization analysis        20 Visual study of weak interaction
 21 Energy decomposition analysis        22 Conceptual DFT (CDFT) analysis
 23 ETS-NOCV analysis                    24 (Hyper)polarizability analysis
 25 Electron delocalization and aromaticity analyses
 26 Structure and geometry related analyses
 100 Other functions (Part 1)            200 Other functions (Part 2)
 300 Other functions (Part 3)

               ============ Other functions (Part 2) ============
 0 Return
 1 Calculate core-valence bifurcation (CVB) index and related quantities
 2 Calculate atomic and bond dipole moments in Hilbert space
 3 Generate cube file for multiple orbital wavefunctions
 5 Plot radial distribution function for a real space function
 6 Analyze correspondence between orbitals in two wavefunctions
 9 Calculate average bond length and average coordinate number
 10 Output various kinds of integral between orbitals
 11 Calculate center, first/second moments and radius of gyration of a function
 12 Calculate energy index (EI) or bond polarity index (BPI)
 13 Evaluate orbital contributions to density difference or other grid data
 14 Domain analysis (Obtaining properties within isosurfaces of a function)
 15 Calculate electron correlation index (PCCP, 18, 24015)
 16 Generate natural orbitals based on the density matrix in .fch/.fchk file
 17 Calculate Coulomb and exchange integrals between two orbitals
 18 Calculate bond length/order alternation (BLA/BOA)
 19 Calculate spatial delocalization index (SDI) for orbitals or a function
 20 Bond order density (BOD) and natural adaptive orbital (NAdO) analyses
 21 Perform Lowdin orthogonalization between occupied orbitals
 Input orbital index. e.g. 1,3-6,8,10-11 denotes 1,3,4,5,6,8,10,11
 You can also input for example: (quotation marks should not be inputted)
 "h" for HOMO, "h-5" for HOMO-5, "l" for LUMO, "l+3" for LUMO+3
 Input q can return

 Please select a method to set up grid
 -10 Set extension distance of grid range for mode 1~4, current:  6.000 Bohr
 1 Low quality grid,    covering whole system, about 125000 points in total
 2 Medium quality grid, covering whole system, about 512000 points in total
 3 High quality grid,   covering whole system, about 1728000 points in total
 4 Input the number of points or grid spacing in X,Y,Z, covering whole system
 5 Input original point, grid spacings, and the number of points
 6 Input center coordinate, number of points and extension distance
 7 The same as 6, but input two atoms, the midpoint will be defined as center
 8 Use grid setting of another cube file
 10 Set box of grid data visually using a GUI window
 11 Select a set of atoms, set extension distance around them and grid spacing
 Coordinate of origin in X,Y,Z is     -22.736951  -12.429803  -12.935938 Bohr
 Coordinate of end point in X,Y,Z is   22.619637   12.344804   12.219817 Bohr
 Grid spacing in X,Y,Z is    0.381148    0.381148    0.381148 Bohr
 Number of points in X,Y,Z is  120   66   67   Total:      530640
 Calculating and exporting orbital...
 Orbital    140 has been exported to h.cub in current folder

               ============ Other functions (Part 2) ============
 0 Return
 1 Calculate core-valence bifurcation (CVB) index and related quantities
 2 Calculate atomic and bond dipole moments in Hilbert space
 3 Generate cube file for multiple orbital wavefunctions
 5 Plot radial distribution function for a real space function
 6 Analyze correspondence between orbitals in two wavefunctions
 9 Calculate average bond length and average coordinate number
 10 Output various kinds of integral between orbitals
 11 Calculate center, first/second moments and radius of gyration of a function
 12 Calculate energy index (EI) or bond polarity index (BPI)
 13 Evaluate orbital contributions to density difference or other grid data
 14 Domain analysis (Obtaining properties within isosurfaces of a function)
 15 Calculate electron correlation index (PCCP, 18, 24015)
 16 Generate natural orbitals based on the density matrix in .fch/.fchk file
 17 Calculate Coulomb and exchange integrals between two orbitals
 18 Calculate bond length/order alternation (BLA/BOA)
 19 Calculate spatial delocalization index (SDI) for orbitals or a function
 20 Bond order density (BOD) and natural adaptive orbital (NAdO) analyses
 21 Perform Lowdin orthogonalization between occupied orbitals
 Input orbital index. e.g. 1,3-6,8,10-11 denotes 1,3,4,5,6,8,10,11
 You can also input for example: (quotation marks should not be inputted)
 "h" for HOMO, "h-5" for HOMO-5, "l" for LUMO, "l+3" for LUMO+3
 Input q can return

 Please select a method to set up grid
 -10 Set extension distance of grid range for mode 1~4, current:  6.000 Bohr
 1 Low quality grid,    covering whole system, about 125000 points in total
 2 Medium quality grid, covering whole system, about 512000 points in total
 3 High quality grid,   covering whole system, about 1728000 points in total
 4 Input the number of points or grid spacing in X,Y,Z, covering whole system
 5 Input original point, grid spacings, and the number of points
 6 Input center coordinate, number of points and extension distance
 7 The same as 6, but input two atoms, the midpoint will be defined as center
 8 Use grid setting of another cube file
 10 Set box of grid data visually using a GUI window
 11 Select a set of atoms, set extension distance around them and grid spacing
 Coordinate of origin in X,Y,Z is     -22.736951  -12.429803  -12.935938 Bohr
 Coordinate of end point in X,Y,Z is   22.619637   12.344804   12.219817 Bohr
 Grid spacing in X,Y,Z is    0.381148    0.381148    0.381148 Bohr
 Number of points in X,Y,Z is  120   66   67   Total:      530640
 Calculating and exporting orbital...
 Orbital    141 has been exported to l.cub in current folder

               ============ Other functions (Part 2) ============
 0 Return
 1 Calculate core-valence bifurcation (CVB) index and related quantities
 2 Calculate atomic and bond dipole moments in Hilbert space
 3 Generate cube file for multiple orbital wavefunctions
 5 Plot radial distribution function for a real space function
 6 Analyze correspondence between orbitals in two wavefunctions
 9 Calculate average bond length and average coordinate number
 10 Output various kinds of integral between orbitals
 11 Calculate center, first/second moments and radius of gyration of a function
 12 Calculate energy index (EI) or bond polarity index (BPI)
 13 Evaluate orbital contributions to density difference or other grid data
 14 Domain analysis (Obtaining properties within isosurfaces of a function)
 15 Calculate electron correlation index (PCCP, 18, 24015)
 16 Generate natural orbitals based on the density matrix in .fch/.fchk file
 17 Calculate Coulomb and exchange integrals between two orbitals
 18 Calculate bond length/order alternation (BLA/BOA)
 19 Calculate spatial delocalization index (SDI) for orbitals or a function
 20 Bond order density (BOD) and natural adaptive orbital (NAdO) analyses
 21 Perform Lowdin orthogonalization between occupied orbitals
At line 29 of file /private/tmp/multiwfn-20260707-29094-2nxksc/otherfunc2.f90 (unit = 5, file = 'stdin')
Fortran runtime error: Bad integer for item 1 in list input

Error termination. Backtrace:
#0  0x12ff73323
#1  0x12ff73ef7
#2  0x12ff747cb
#3  0x13008b3d3
#4  0x13008d5e3
#5  0x13008e0e7
#6  0x1035200c3
#7  0x102e42e4b
#8  0x10369dedf
