 Multiwfn -- A Multifunctional Wavefunction Analyzer
 Version 3.8, update date: 2026-Jan-7
 Developer: Tian Lu (Beijing Kein Research Center for Natural Sciences)
 Multiwfn official website: http://sobereva.com/multiwfn
 Multiwfn English forum: http://sobereva.com/wfnbbs
 Multiwfn Chinese forum: http://bbs.keinsci.com/wfn
 ( Number of parallel threads:   4  Current date: 2026-07-18  Time: 18:17:40 )

 Both following papers ***MUST BE CITED IN MAIN TEXT*** if Multiwfn is used:
  Tian Lu, Feiwu Chen, J. Comput. Chem., 33, 580 (2012) DOI: 10.1002/jcc.22885
  Tian Lu, J. Chem. Phys., 161, 082503 (2024) DOI: 10.1063/5.0216272
 See "How to cite Multiwfn.pdf" in Multiwfn binary package for more information

 Please wait...
 Loading various information of the wavefunction
 This file is recognized to be generated by ORCA because there is "orca" word in title line. Special treatments are applied...
 Loading basis set definition...
 All D basis functions are spherical harmonic type
 Loading orbitals...
 The actual number of orbitals read:       870
 Converting basis function information to GTF information...
 Back converting basis function information from Cartesian to spherical type...
 Generating density matrix...
 Generating overlap matrix...

 Total/Alpha/Beta electrons:    280.0000    140.0000    140.0000
 Net charge:     0.00000      Expected multiplicity:    1
 Atoms:     70,  Basis functions:    870,  GTFs:   1490
 This is a restricted single-determinant wavefunction
 Orbitals from 1 to   140 are occupied

 Loaded pdi_terminal_functionalized_tda_triplets_tprint.molden.input successfully!

 Formula: H30 C34 N2 O4      Total atoms:      70
 Molecule weight:       530.61427 Da
 Point group: C1 

 "q": Exit program gracefully          "r": Load a new file
                    ************ Main function menu ************
 0 Show molecular structure and view orbitals
 1 Output all properties at a point       2 Topology analysis
 3 Output and plot specific property in a line
 4 Output and plot specific property in a plane
 5 Output and plot specific property within a spatial region (calc. grid data)
 6 Check & modify wavefunction
 7 Population analysis and calculation of atomic charges
 8 Orbital composition analysis           9 Bond order analysis
 10 Plot total DOS, PDOS, OPDOS, local DOS, COHP and photoelectron spectrum
 11 Plot IR/Raman/UV-Vis/ECD/VCD/ROA/NMR spectrum
 12 Quantitative analysis of molecular surface
 13 Process grid data (No grid data is presented currently)
 14 Adaptive natural density partitioning (AdNDP) analysis
 15 Fuzzy atomic space analysis
 16 Charge decomposition analysis (CDA) and plot orbital interaction diagram
 17 Basin analysis                       18 Electron excitation analysis
 19 Orbital localization analysis        20 Visual study of weak interaction
 21 Energy decomposition analysis        22 Conceptual DFT (CDFT) analysis
 23 ETS-NOCV analysis                    24 (Hyper)polarizability analysis
 25 Electron delocalization and aromaticity analyses
 26 Structure and geometry related analyses
 100 Other functions (Part 1)            200 Other functions (Part 2)
 300 Other functions (Part 3)

            ============ Electronic excitation analyses ============ 
 -1 Check, modify and export configuration coefficients of an excitation
 0 Return
 1 Analyze and visualize hole&electron distribution, transition density, and transition electric/magnetic dipole moment density
 2 Plot atom/fragment transition matrix of various kinds as heat map
 3 Analyze charge-transfer based on density difference grid data (JCTC,7,2498)
 4 Calculate delta_r index to measure charge-transfer length (JCTC,9,3118)
 5 Calculate transition electric/magnetic dipole moments between all states and for each state
 6 Generate natural transition orbitals (NTOs)
 7 Calculate ghost-hunter index (JCC,38,2151)
 8 Calculate interfragment charge transfer via IFCT method
 9 Generate and export transition density matrix
 10 Decompose transition electric/magnetic dipole moment as molecular orbital pair contributions
 11 Decompose transition electric/magnetic dipole moment as basis function and atom contributions
 12 Calculate Mulliken atomic transition charges
 13 Generate natural orbitals of specific excited states
 14 Calculate lambda index to characterize electron excitation (JCP,128,044118)
 15 Print major MO transitions in all excited states
 16 Charge-transfer spectrum (CTS) analysis (Carbon,187,78)
 17 Electron density polarization analysis based on electron excitations
 Input path of Gaussian/ORCA/CP2K output file or plain text file, electron excitation information will be loaded from this file, see Section 3.21.A of manual for detail
 e.g. C:\lovelive\sunshine\yosoro.out
 Hint: If pressing ENTER button directly, the file with same name as input file but with .out or .log suffix will be loaded
 Note: This file is recognized as an ORCA output file
 There are   15 excited states, loading basic information...

 Load which kind of excited states?
 1: Singlet   3: Triplet
 Summary of excited states:
 State:    1    Exc. Energy:   1.605 eV   Multi.: 3    MO pairs:    8268
 State:    2    Exc. Energy:   2.935 eV   Multi.: 3    MO pairs:    9609
 State:    3    Exc. Energy:   3.089 eV   Multi.: 3    MO pairs:    8999
 State:    4    Exc. Energy:   3.311 eV   Multi.: 3    MO pairs:    6438
 State:    5    Exc. Energy:   3.409 eV   Multi.: 3    MO pairs:    6070
 State:    6    Exc. Energy:   4.200 eV   Multi.: 3    MO pairs:    7124
 State:    7    Exc. Energy:   4.201 eV   Multi.: 3    MO pairs:   11242
 State:    8    Exc. Energy:   4.232 eV   Multi.: 3    MO pairs:    7662
 State:    9    Exc. Energy:   4.251 eV   Multi.: 3    MO pairs:    7980
 State:   10    Exc. Energy:   4.253 eV   Multi.: 3    MO pairs:    8078
 State:   11    Exc. Energy:   4.351 eV   Multi.: 3    MO pairs:    8695
 State:   12    Exc. Energy:   4.402 eV   Multi.: 3    MO pairs:    7804
 State:   13    Exc. Energy:   4.416 eV   Multi.: 3    MO pairs:    7634
 State:   14    Exc. Energy:   4.470 eV   Multi.: 3    MO pairs:   10295
 State:   15    Exc. Energy:   4.543 eV   Multi.: 3    MO pairs:    8247

 Perform the analysis for which excited state? e.g. 2
 Loading configuration coefficients of excited state   1...
 Sum of square of excitation coefficients:  0.499979
 Negative of the sum of square of de-excitation coefficients:  0.000000
 Sum of above two values:  0.499979
 Deviation to expected normalization value (0.5) is  0.000021
 Involved highest unoccupied orbital:   857 (HOMO+   717)

 The highest 10 eigenvalues of NTO pairs:
    0.908678    0.042051    0.027224    0.005314    0.005051
    0.003835    0.002968    0.002172    0.000706    0.000461
 Sum of all eigenvalues:  0.998461

 0 Return
 1 Output NTO orbitals to .molden file
 2 Output NTO orbitals to .fch file
 3 Output NTO orbitals to .mwfn file (recommended)
 Input the file path to output, e.g. C:\S1.mwfn
 Note: There are    7 orbitals with all-zero coefficients, which were not exported
 Exporting .mwfn file finished!
 Now you can load the newly generated file to visualize NTOs. Note that in this file the orbital energies correspond to NTO eigenvalues

 Reloading pdi_terminal_functionalized_tda_triplets_tprint.molden.input to recover initial status...
 Loading finished!

            ============ Electronic excitation analyses ============ 
 -1 Check, modify and export configuration coefficients of an excitation
 0 Return
 1 Analyze and visualize hole&electron distribution, transition density, and transition electric/magnetic dipole moment density
 2 Plot atom/fragment transition matrix of various kinds as heat map
 3 Analyze charge-transfer based on density difference grid data (JCTC,7,2498)
 4 Calculate delta_r index to measure charge-transfer length (JCTC,9,3118)
 5 Calculate transition electric/magnetic dipole moments between all states and for each state
 6 Generate natural transition orbitals (NTOs)
 7 Calculate ghost-hunter index (JCC,38,2151)
 8 Calculate interfragment charge transfer via IFCT method
 9 Generate and export transition density matrix
 10 Decompose transition electric/magnetic dipole moment as molecular orbital pair contributions
 11 Decompose transition electric/magnetic dipole moment as basis function and atom contributions
 12 Calculate Mulliken atomic transition charges
 13 Generate natural orbitals of specific excited states
 14 Calculate lambda index to characterize electron excitation (JCP,128,044118)
 15 Print major MO transitions in all excited states
 16 Charge-transfer spectrum (CTS) analysis (Carbon,187,78)
 17 Electron density polarization analysis based on electron excitations

 "q": Exit program gracefully          "r": Load a new file
                    ************ Main function menu ************
 0 Show molecular structure and view orbitals
 1 Output all properties at a point       2 Topology analysis
 3 Output and plot specific property in a line
 4 Output and plot specific property in a plane
 5 Output and plot specific property within a spatial region (calc. grid data)
 6 Check & modify wavefunction
 7 Population analysis and calculation of atomic charges
 8 Orbital composition analysis           9 Bond order analysis
 10 Plot total DOS, PDOS, OPDOS, local DOS, COHP and photoelectron spectrum
 11 Plot IR/Raman/UV-Vis/ECD/VCD/ROA/NMR spectrum
 12 Quantitative analysis of molecular surface
 13 Process grid data (No grid data is presented currently)
 14 Adaptive natural density partitioning (AdNDP) analysis
 15 Fuzzy atomic space analysis
 16 Charge decomposition analysis (CDA) and plot orbital interaction diagram
 17 Basin analysis                       18 Electron excitation analysis
 19 Orbital localization analysis        20 Visual study of weak interaction
 21 Energy decomposition analysis        22 Conceptual DFT (CDFT) analysis
 23 ETS-NOCV analysis                    24 (Hyper)polarizability analysis
 25 Electron delocalization and aromaticity analyses
 26 Structure and geometry related analyses
 100 Other functions (Part 1)            200 Other functions (Part 2)
 300 Other functions (Part 3)
Note: The following floating-point exceptions are signalling: IEEE_INVALID_FLAG IEEE_UNDERFLOW_FLAG
