 Multiwfn -- A Multifunctional Wavefunction Analyzer
 Version 3.8, update date: 2026-Jan-7
 Developer: Tian Lu (Beijing Kein Research Center for Natural Sciences)
 Multiwfn official website: http://sobereva.com/multiwfn
 Multiwfn English forum: http://sobereva.com/wfnbbs
 Multiwfn Chinese forum: http://bbs.keinsci.com/wfn
 ( Number of parallel threads:   4  Current date: 2026-07-15  Time: 10:21:14 )

 Both following papers ***MUST BE CITED IN MAIN TEXT*** if Multiwfn is used:
  Tian Lu, Feiwu Chen, J. Comput. Chem., 33, 580 (2012) DOI: 10.1002/jcc.22885
  Tian Lu, J. Chem. Phys., 161, 082503 (2024) DOI: 10.1063/5.0216272
 See "How to cite Multiwfn.pdf" in Multiwfn binary package for more information

 Please wait...
 Loading various information of the wavefunction
 This file is recognized to be generated by ORCA because there is "orca" word in title line. Special treatments are applied...
 Loading basis set definition...
 All D basis functions are spherical harmonic type
 All F basis functions are spherical harmonic type
 Loading orbitals...
 The actual number of orbitals read:       990
 Converting basis function information to GTF information...
 Back converting basis function information from Cartesian to spherical type...
 Generating density matrix...
 Generating overlap matrix...

 Total/Alpha/Beta electrons:    200.0000    100.0000    100.0000
 Net charge:     0.00000      Expected multiplicity:    1
 Atoms:     40,  Basis functions:    990,  GTFs:   1610
 This is a restricted single-determinant wavefunction
 Orbitals from 1 to   100 are occupied

 Loaded /Users/liangze/Desktop/Tsinghua 2026 Summer/pdi_h2o2_production/pdi-theory-demo/calculations/pdi/multiwfn_analysis/pdi_sp.molden.input successfully!

 Formula: H10 C24 N2 O4      Total atoms:      40
 Molecule weight:       390.34810 Da
 Point group: C2 

 "q": Exit program gracefully          "r": Load a new file
                    ************ Main function menu ************
 0 Show molecular structure and view orbitals
 1 Output all properties at a point       2 Topology analysis
 3 Output and plot specific property in a line
 4 Output and plot specific property in a plane
 5 Output and plot specific property within a spatial region (calc. grid data)
 6 Check & modify wavefunction
 7 Population analysis and calculation of atomic charges
 8 Orbital composition analysis           9 Bond order analysis
 10 Plot total DOS, PDOS, OPDOS, local DOS, COHP and photoelectron spectrum
 11 Plot IR/Raman/UV-Vis/ECD/VCD/ROA/NMR spectrum
 12 Quantitative analysis of molecular surface
 13 Process grid data (No grid data is presented currently)
 14 Adaptive natural density partitioning (AdNDP) analysis
 15 Fuzzy atomic space analysis
 16 Charge decomposition analysis (CDA) and plot orbital interaction diagram
 17 Basin analysis                       18 Electron excitation analysis
 19 Orbital localization analysis        20 Visual study of weak interaction
 21 Energy decomposition analysis        22 Conceptual DFT (CDFT) analysis
 23 ETS-NOCV analysis                    24 (Hyper)polarizability analysis
 25 Electron delocalization and aromaticity analyses
 26 Structure and geometry related analyses
 100 Other functions (Part 1)            200 Other functions (Part 2)
 300 Other functions (Part 3)

            ================ Bond order analysis ===============
 -1 Define fragment 1 and 2 for options 1,3,4,7,8,10 (to be defined)
 0 Return
 1 Mayer bond order analysis
 2 Multicenter bond order analysis
 -2 Multicenter bond order analysis in NAO basis
 3 Wiberg bond order analysis in Lowdin orthogonalized basis
 4 Mulliken bond order (Mulliken overlap population) analysis
 5 Decompose Mulliken bond order between two atoms to orbital contributions
 6 Orbital occupancy-perturbed Mayer bond order
 7 Fuzzy bond order analysis (FBO)
 8 Laplacian bond order (LBO)
 9 Decompose Wiberg bond order in NAO basis as atomic orbital pair contribution
 10 Intrinsic bond strength index (IBSI)
 11 AV1245 index (approximate multicenter bond order for large rings) and AVmin
 20 Bond order density (BOD) and natural adaptive orbital (NAdO) analyses
 Calculating, please wait...
 Bond orders with absolute value >=  0.050000
 #    1:         1(C )    2(C )    1.03579341
 #    2:         1(C )    6(C )    1.25617564
 #    3:         1(C )   18(C )    0.06012325
 #    4:         1(C )   20(C )    1.44463931
 #    5:         2(C )    3(C )    1.25643205
 #    6:         2(C )    7(C )    1.44503173
 #    7:         2(C )    9(C )    0.05929049
 #    8:         2(C )   20(C )   -0.05053434
 #    9:         3(C )    4(C )    1.25425886
 #   10:         3(C )   10(C )    1.29009003
 #   11:         4(C )    5(C )    1.03382480
 #   12:         4(C )   11(C )    0.06082306
 #   13:         4(C )   13(C )    1.44456453
 #   14:         4(C )   14(C )   -0.05019656
 #   15:         5(C )    6(C )    1.25575803
 #   16:         5(C )   13(C )   -0.05067263
 #   17:         5(C )   14(C )    1.44319594
 #   18:         5(C )   16(C )    0.06027384
 #   19:         6(C )   17(C )    1.28937726
 #   20:         7(C )    8(C )    1.29147557
 #   21:         7(C )   33(H )    0.97775616
 #   22:         8(C )    9(C )    1.50167415
 #   23:         8(C )   27(O )    0.11122867
 #   24:         8(C )   34(H )    0.95959581
 #   25:         9(C )   10(C )    1.24607039
 #   26:         9(C )   24(C )    0.93875257
 #   27:         9(C )   27(O )   -0.17682091
 #   28:        10(C )   11(C )    1.24117514
 #   29:        11(C )   12(C )    1.49886090
 #   30:        11(C )   25(N )   -0.05013683
 #   31:        11(C )   26(C )    0.93979912
 #   32:        11(C )   28(O )   -0.17621326
 #   33:        12(C )   13(C )    1.28809304
 #   34:        12(C )   28(O )    0.11108469
 #   35:        12(C )   35(H )    0.96285205
 #   36:        13(C )   36(H )    0.97803346
 #   37:        14(C )   15(C )    1.28840739
 #   38:        14(C )   37(H )    0.97819559
 #   39:        15(C )   16(C )    1.50030275
 #   40:        15(C )   29(O )    0.11250225
 #   41:        15(C )   38(H )    0.96221756
 #   42:        16(C )   17(C )    1.24476179
 #   43:        16(C )   21(C )    0.93623293
 #   44:        16(C )   22(N )   -0.05232463
 #   45:        16(C )   29(O )   -0.17771763
 #   46:        17(C )   18(C )    1.24687681
 #   47:        18(C )   19(C )    1.50033827
 #   48:        18(C )   22(N )   -0.05236284
 #   49:        18(C )   23(C )    0.93678750
 #   50:        18(C )   30(O )   -0.17768749
 #   51:        19(C )   20(C )    1.28865195
 #   52:        19(C )   30(O )    0.11189341
 #   53:        19(C )   39(H )    0.96152209
 #   54:        20(C )   40(H )    0.97789630
 #   55:        21(C )   22(N )    1.17984744
 #   56:        21(C )   29(O )    2.18489953
 #   57:        22(N )   23(C )    1.17966122
 #   58:        22(N )   31(H )    0.88660652
 #   59:        23(C )   30(O )    2.18509940
 #   60:        24(C )   25(N )    1.17939877
 #   61:        24(C )   27(O )    2.18436623
 #   62:        25(N )   26(C )    1.17895048
 #   63:        25(N )   32(H )    0.88665561
 #   64:        26(C )   28(O )    2.18418533

 Total valences and free valences defined by Mayer:
 Atom     1(C ) :    3.74982331    0.00000000
 Atom     2(C ) :    3.74834249    0.00000000
 Atom     3(C ) :    3.84093395    0.00000000
 Atom     4(C ) :    3.74695773    0.00000000
 Atom     5(C ) :    3.74352792    0.00000000
 Atom     6(C ) :    3.84348500    0.00000000
 Atom     7(C ) :    3.84640447    0.00000000
 Atom     8(C ) :    3.97800297    0.00000000
 Atom     9(C ) :    3.62664882    0.00000000
 Atom    10(C ) :    3.77662737    0.00000000
 Atom    11(C ) :    3.61868101    0.00000000
 Atom    12(C ) :    3.97542795    0.00000000
 Atom    13(C ) :    3.84067454    0.00000000
 Atom    14(C ) :    3.84132786    0.00000000
 Atom    15(C ) :    3.97808362    0.00000000
 Atom    16(C ) :    3.61306788    0.00000000
 Atom    17(C ) :    3.78950511    0.00000000
 Atom    18(C ) :    3.61813790    0.00000000
 Atom    19(C ) :    3.97653102    0.00000000
 Atom    20(C ) :    3.84188055    0.00000000
 Atom    21(C ) :    4.40178741    0.00000000
 Atom    22(N ) :    3.15138363    0.00000000
 Atom    23(C ) :    4.40139299    0.00000000
 Atom    24(C ) :    4.40119356    0.00000000
 Atom    25(N ) :    3.15166265    0.00000000
 Atom    26(C ) :    4.40072677    0.00000000
 Atom    27(O ) :    2.21568341    0.00000000
 Atom    28(O ) :    2.21591371    0.00000000
 Atom    29(O ) :    2.21577143    0.00000000
 Atom    30(O ) :    2.21576987    0.00000000
 Atom    31(H ) :    0.96646155    0.00000000
 Atom    32(H ) :    0.96652773    0.00000000
 Atom    33(H ) :    0.98620672    0.00000000
 Atom    34(H ) :    0.98655534    0.00000000
 Atom    35(H ) :    0.98703003    0.00000000
 Atom    36(H ) :    0.98586362    0.00000000
 Atom    37(H ) :    0.98592571    0.00000000
 Atom    38(H ) :    0.98649096    0.00000000
 Atom    39(H ) :    0.98657161    0.00000000
 Atom    40(H ) :    0.98581241    0.00000000

 If outputting bond order matrix to bndmat.txt in current folder? (y/n)
 Result have been outputted to bndmat.txt in current folder


            ================ Bond order analysis ===============
 -1 Define fragment 1 and 2 for options 1,3,4,7,8,10 (to be defined)
 0 Return
 1 Mayer bond order analysis
 2 Multicenter bond order analysis
 -2 Multicenter bond order analysis in NAO basis
 3 Wiberg bond order analysis in Lowdin orthogonalized basis
 4 Mulliken bond order (Mulliken overlap population) analysis
 5 Decompose Mulliken bond order between two atoms to orbital contributions
 6 Orbital occupancy-perturbed Mayer bond order
 7 Fuzzy bond order analysis (FBO)
 8 Laplacian bond order (LBO)
 9 Decompose Wiberg bond order in NAO basis as atomic orbital pair contribution
 10 Intrinsic bond strength index (IBSI)
 11 AV1245 index (approximate multicenter bond order for large rings) and AVmin
 20 Bond order density (BOD) and natural adaptive orbital (NAdO) analyses

 "q": Exit program gracefully          "r": Load a new file
                    ************ Main function menu ************
 0 Show molecular structure and view orbitals
 1 Output all properties at a point       2 Topology analysis
 3 Output and plot specific property in a line
 4 Output and plot specific property in a plane
 5 Output and plot specific property within a spatial region (calc. grid data)
 6 Check & modify wavefunction
 7 Population analysis and calculation of atomic charges
 8 Orbital composition analysis           9 Bond order analysis
 10 Plot total DOS, PDOS, OPDOS, local DOS, COHP and photoelectron spectrum
 11 Plot IR/Raman/UV-Vis/ECD/VCD/ROA/NMR spectrum
 12 Quantitative analysis of molecular surface
 13 Process grid data (No grid data is presented currently)
 14 Adaptive natural density partitioning (AdNDP) analysis
 15 Fuzzy atomic space analysis
 16 Charge decomposition analysis (CDA) and plot orbital interaction diagram
 17 Basin analysis                       18 Electron excitation analysis
 19 Orbital localization analysis        20 Visual study of weak interaction
 21 Energy decomposition analysis        22 Conceptual DFT (CDFT) analysis
 23 ETS-NOCV analysis                    24 (Hyper)polarizability analysis
 25 Electron delocalization and aromaticity analyses
 26 Structure and geometry related analyses
 100 Other functions (Part 1)            200 Other functions (Part 2)
 300 Other functions (Part 3)
Note: The following floating-point exceptions are signalling: IEEE_INVALID_FLAG IEEE_UNDERFLOW_FLAG
