 Multiwfn -- A Multifunctional Wavefunction Analyzer
 Version 3.8, update date: 2026-Jan-7
 Developer: Tian Lu (Beijing Kein Research Center for Natural Sciences)
 Multiwfn official website: http://sobereva.com/multiwfn
 Multiwfn English forum: http://sobereva.com/wfnbbs
 Multiwfn Chinese forum: http://bbs.keinsci.com/wfn
 ( Number of parallel threads:   4  Current date: 2026-07-14  Time: 14:39:16 )

 Both following papers ***MUST BE CITED IN MAIN TEXT*** if Multiwfn is used:
  Tian Lu, Feiwu Chen, J. Comput. Chem., 33, 580 (2012) DOI: 10.1002/jcc.22885
  Tian Lu, J. Chem. Phys., 161, 082503 (2024) DOI: 10.1063/5.0216272
 See "How to cite Multiwfn.pdf" in Multiwfn binary package for more information

 Please wait...
 Loading various information of the wavefunction
 This file is recognized to be generated by ORCA because there is "orca" word in title line. Special treatments are applied...
 Loading basis set definition...
 All D basis functions are spherical harmonic type
 All F basis functions are spherical harmonic type
 Loading orbitals...
 The actual number of orbitals read:      1420
 Converting basis function information to GTF information...
 Back converting basis function information from Cartesian to spherical type...
 Generating density matrix...
 Generating overlap matrix...

 Total/Alpha/Beta electrons:    280.0000    140.0000    140.0000
 Net charge:     0.00000      Expected multiplicity:    1
 Atoms:     70,  Basis functions:   1420,  GTFs:   2280
 This is a restricted single-determinant wavefunction
 Orbitals from 1 to   140 are occupied

 Loaded /Users/liangze/Desktop/Tsinghua 2026 Summer/pdi_h2o2_production/pdi-theory-demo/calculations/pdi_terminal_functionalized/multiwfn_analysis/pdi_terminal_functionalized_sp.molden.input successfully!

 Formula: H30 C34 N2 O4      Total atoms:      70
 Molecule weight:       530.61427 Da
 Point group: C1 

 "q": Exit program gracefully          "r": Load a new file
                    ************ Main function menu ************
 0 Show molecular structure and view orbitals
 1 Output all properties at a point       2 Topology analysis
 3 Output and plot specific property in a line
 4 Output and plot specific property in a plane
 5 Output and plot specific property within a spatial region (calc. grid data)
 6 Check & modify wavefunction
 7 Population analysis and calculation of atomic charges
 8 Orbital composition analysis           9 Bond order analysis
 10 Plot total DOS, PDOS, OPDOS, local DOS, COHP and photoelectron spectrum
 11 Plot IR/Raman/UV-Vis/ECD/VCD/ROA/NMR spectrum
 12 Quantitative analysis of molecular surface
 13 Process grid data (No grid data is presented currently)
 14 Adaptive natural density partitioning (AdNDP) analysis
 15 Fuzzy atomic space analysis
 16 Charge decomposition analysis (CDA) and plot orbital interaction diagram
 17 Basin analysis                       18 Electron excitation analysis
 19 Orbital localization analysis        20 Visual study of weak interaction
 21 Energy decomposition analysis        22 Conceptual DFT (CDFT) analysis
 23 ETS-NOCV analysis                    24 (Hyper)polarizability analysis
 25 Electron delocalization and aromaticity analyses
 26 Structure and geometry related analyses
 100 Other functions (Part 1)            200 Other functions (Part 2)
 300 Other functions (Part 3)
 NOTE: There is a review comprehensively introducing various atomic charges:
 Tian Lu, Qinxue Chen, Partial Charges, In Exploring Chemical Concepts Through Theory and Computation. WILEY-VCH GmbH: Weinheim (2024); pp. 161-187. DOI: 10.1002/9783527843435.ch6

      ============== Population analysis and atomic charges ==============
 -2 Calculate interaction energy between fragments based on atomic charges
 -1 Define fragment
 0 Return
 1 Hirshfeld atomic charge
 2 Voronoi deformation density (VDD) atom population
 5 Mulliken atom & basis function population analysis
 6 Lowdin atom & basis function population analysis
 7 Modified Mulliken atom population defined by Ros & Schuit (SCPA)
 8 Modified Mulliken atom population defined by Stout & Politzer
 9 Modified Mulliken atom population defined by Bickelhaupt
 10 Becke atomic charge with atomic dipole moment correction
 11 Atomic dipole corrected Hirshfeld atomic charge (ADCH) (recommended)
 12 CHELPG ESP fitting atomic charge
 13 Merz-Kollmann (MK) ESP fitting atomic charge
 14 AIM atomic charge
 15 Hirshfeld-I atomic charge
 16 CM5 atomic charge    -16 Generate 1.2*CM5 atomic charge
 17 Electronegativity Equalization Method (EEM) atomic charge
 18 Restrained ElectroStatic Potential (RESP) atomic charge
 19 Gasteiger (PEOE) charge
 20 Minimal Basis Iterative Stockholder (MBIS) charge
 Citation of Hirshfeld method: Theor. Chim. Acta. (Berl), 44, 129-138 (1977)
 This task requests atomic densities, please select how to obtain them
 1 Use build-in sphericalized atomic densities in free-states (more convenient)
 2 Provide wavefunction file of involved elements by yourself or invoke Gaussian to automatically calculate them
 Radial grids:   75    Angular grids:  434   Total:     32550
 Calculating, please wait...

 Hirshfeld charge of atom     1(C ) is  0.01320503
 Hirshfeld charge of atom     2(C ) is  0.01286227
 Hirshfeld charge of atom     3(C ) is  0.00135985
 Hirshfeld charge of atom     4(C ) is  0.01321152
 Hirshfeld charge of atom     5(C ) is  0.01286843
 Hirshfeld charge of atom     6(C ) is  0.00136064
 Hirshfeld charge of atom     7(C ) is -0.03014781
 Hirshfeld charge of atom     8(C ) is -0.01061941
 Hirshfeld charge of atom     9(C ) is -0.02103836
 Hirshfeld charge of atom    10(C ) is  0.00313731
 Hirshfeld charge of atom    11(C ) is -0.02043223
 Hirshfeld charge of atom    12(C ) is -0.00990028
 Hirshfeld charge of atom    13(C ) is -0.03018146
 Hirshfeld charge of atom    14(C ) is -0.03014780
 Hirshfeld charge of atom    15(C ) is -0.01062446
 Hirshfeld charge of atom    16(C ) is -0.02103694
 Hirshfeld charge of atom    17(C ) is  0.00313903
 Hirshfeld charge of atom    18(C ) is -0.02042869
 Hirshfeld charge of atom    19(C ) is -0.00989443
 Hirshfeld charge of atom    20(C ) is -0.03017929
 Hirshfeld charge of atom    21(C ) is  0.18371260
 Hirshfeld charge of atom    22(N ) is -0.02429815
 Hirshfeld charge of atom    23(C ) is  0.18397791
 Hirshfeld charge of atom    24(C ) is  0.18371368
 Hirshfeld charge of atom    25(N ) is -0.02429794
 Hirshfeld charge of atom    26(C ) is  0.18397707
 Hirshfeld charge of atom    27(O ) is -0.25148525
 Hirshfeld charge of atom    28(O ) is -0.26211161
 Hirshfeld charge of atom    29(O ) is -0.25148690
 Hirshfeld charge of atom    30(O ) is -0.26211317
 Hirshfeld charge of atom    31(C ) is  0.03310839
 Hirshfeld charge of atom    32(C ) is  0.03310755
 Hirshfeld charge of atom    33(C ) is -0.05203410
 Hirshfeld charge of atom    34(C ) is -0.05203209
 Hirshfeld charge of atom    35(C ) is -0.08829245
 Hirshfeld charge of atom    36(C ) is -0.08831030
 Hirshfeld charge of atom    37(C ) is -0.05204224
 Hirshfeld charge of atom    38(C ) is -0.05202662
 Hirshfeld charge of atom    39(C ) is -0.08829812
 Hirshfeld charge of atom    40(C ) is -0.08830632
 Hirshfeld charge of atom    41(H ) is  0.04666290
 Hirshfeld charge of atom    42(H ) is  0.05365765
 Hirshfeld charge of atom    43(H ) is  0.05399921
 Hirshfeld charge of atom    44(H ) is  0.04668570
 Hirshfeld charge of atom    45(H ) is  0.04666431
 Hirshfeld charge of atom    46(H ) is  0.05365353
 Hirshfeld charge of atom    47(H ) is  0.05400085
 Hirshfeld charge of atom    48(H ) is  0.04668420
 Hirshfeld charge of atom    49(H ) is  0.03104057
 Hirshfeld charge of atom    50(H ) is  0.03104170
 Hirshfeld charge of atom    51(H ) is  0.03152136
 Hirshfeld charge of atom    52(H ) is  0.02633208
 Hirshfeld charge of atom    53(H ) is  0.02629490
 Hirshfeld charge of atom    54(H ) is  0.03151773
 Hirshfeld charge of atom    55(H ) is  0.02058235
 Hirshfeld charge of atom    56(H ) is  0.03125578
 Hirshfeld charge of atom    57(H ) is  0.02881637
 Hirshfeld charge of atom    58(H ) is  0.02878072
 Hirshfeld charge of atom    59(H ) is  0.03128239
 Hirshfeld charge of atom    60(H ) is  0.02060193
 Hirshfeld charge of atom    61(H ) is  0.03148907
 Hirshfeld charge of atom    62(H ) is  0.02630777
 Hirshfeld charge of atom    63(H ) is  0.02631848
 Hirshfeld charge of atom    64(H ) is  0.03155135
 Hirshfeld charge of atom    65(H ) is  0.02876350
 Hirshfeld charge of atom    66(H ) is  0.03128008
 Hirshfeld charge of atom    67(H ) is  0.02060838
 Hirshfeld charge of atom    68(H ) is  0.02057721
 Hirshfeld charge of atom    69(H ) is  0.03125780
 Hirshfeld charge of atom    70(H ) is  0.02883347
 Summing up all charges:    -0.00096181

 Total dipole moment from atomic charges:    0.001862 a.u.
 X/Y/Z of dipole moment vector:   -0.000027    0.000028   -0.001862 a.u.

 Normalize sum of atomic populations to actual number of electrons...

 Final atomic charges:
 Atom    1(C ):     0.01322559
 Atom    2(C ):     0.01288283
 Atom    3(C ):     0.00138046
 Atom    4(C ):     0.01323208
 Atom    5(C ):     0.01288899
 Atom    6(C ):     0.00138124
 Atom    7(C ):    -0.03012709
 Atom    8(C ):    -0.01059877
 Atom    9(C ):    -0.02101767
 Atom   10(C ):     0.00315791
 Atom   11(C ):    -0.02041155
 Atom   12(C ):    -0.00987964
 Atom   13(C ):    -0.03016074
 Atom   14(C ):    -0.03012709
 Atom   15(C ):    -0.01060382
 Atom   16(C ):    -0.02101626
 Atom   17(C ):     0.00315963
 Atom   18(C ):    -0.02040800
 Atom   19(C ):    -0.00987379
 Atom   20(C ):    -0.03015858
 Atom   21(C ):     0.18373258
 Atom   22(N ):    -0.02427402
 Atom   23(C ):     0.18399788
 Atom   24(C ):     0.18373366
 Atom   25(N ):    -0.02427381
 Atom   26(C ):     0.18399705
 Atom   27(O ):    -0.25145691
 Atom   28(O ):    -0.26208323
 Atom   29(O ):    -0.25145856
 Atom   30(O ):    -0.26208479
 Atom   31(C ):     0.03312889
 Atom   32(C ):     0.03312805
 Atom   33(C ):    -0.05201331
 Atom   34(C ):    -0.05201130
 Atom   35(C ):    -0.08827154
 Atom   36(C ):    -0.08828939
 Atom   37(C ):    -0.05202145
 Atom   38(C ):    -0.05200583
 Atom   39(C ):    -0.08827721
 Atom   40(C ):    -0.08828541
 Atom   41(H ):     0.04666617
 Atom   42(H ):     0.05366090
 Atom   43(H ):     0.05400246
 Atom   44(H ):     0.04668898
 Atom   45(H ):     0.04666758
 Atom   46(H ):     0.05365678
 Atom   47(H ):     0.05400410
 Atom   48(H ):     0.04668748
 Atom   49(H ):     0.03104390
 Atom   50(H ):     0.03104503
 Atom   51(H ):     0.03152469
 Atom   52(H ):     0.02633542
 Atom   53(H ):     0.02629824
 Atom   54(H ):     0.03152106
 Atom   55(H ):     0.02058572
 Atom   56(H ):     0.03125911
 Atom   57(H ):     0.02881970
 Atom   58(H ):     0.02878405
 Atom   59(H ):     0.03128572
 Atom   60(H ):     0.02060530
 Atom   61(H ):     0.03149239
 Atom   62(H ):     0.02631112
 Atom   63(H ):     0.02632182
 Atom   64(H ):     0.03155468
 Atom   65(H ):     0.02876683
 Atom   66(H ):     0.03128341
 Atom   67(H ):     0.02061174
 Atom   68(H ):     0.02058058
 Atom   69(H ):     0.03126113
 Atom   70(H ):     0.02883680

 Calculation took up      37 seconds wall clock time

 If outputting atom coordinates with charges to pdi_terminal_functionalized_sp.chg in current folder? (y/n)
 Result have been saved to pdi_terminal_functionalized_sp.chg in current folder
 Columns 1 to 5 are name,X,Y,Z,charge respectively, coordinates are in Angstrom

      ============== Population analysis and atomic charges ==============
 -2 Calculate interaction energy between fragments based on atomic charges
 -1 Define fragment
 0 Return
 1 Hirshfeld atomic charge
 2 Voronoi deformation density (VDD) atom population
 5 Mulliken atom & basis function population analysis
 6 Lowdin atom & basis function population analysis
 7 Modified Mulliken atom population defined by Ros & Schuit (SCPA)
 8 Modified Mulliken atom population defined by Stout & Politzer
 9 Modified Mulliken atom population defined by Bickelhaupt
 10 Becke atomic charge with atomic dipole moment correction
 11 Atomic dipole corrected Hirshfeld atomic charge (ADCH) (recommended)
 12 CHELPG ESP fitting atomic charge
 13 Merz-Kollmann (MK) ESP fitting atomic charge
 14 AIM atomic charge
 15 Hirshfeld-I atomic charge
 16 CM5 atomic charge    -16 Generate 1.2*CM5 atomic charge
 17 Electronegativity Equalization Method (EEM) atomic charge
 18 Restrained ElectroStatic Potential (RESP) atomic charge
 19 Gasteiger (PEOE) charge
 20 Minimal Basis Iterative Stockholder (MBIS) charge
At line 65 of file /private/tmp/multiwfn-20260707-29094-2nxksc/population.f90 (unit = 5, file = 'stdin')
Fortran runtime error: Bad integer for item 1 in list input

Error termination. Backtrace:
#0  0x12dffb323
#1  0x12dffbef7
#2  0x12dffc7cb
#3  0x12e1133d3
#4  0x12e1155e3
#5  0x12e1160e7
#6  0x1016b464b
#7  0x100f6cf2f
#8  0x1017c5edf
